AtomAR/build/outputs/logs/manifest-merger-debug-report.txt
-- Merging decision tree log ---
manifest
ADDED from AtomAR/AtomAR/AndroidManifest.xml:2:1-40:12
	package
		ADDED from AtomAR/AtomAR/AndroidManifest.xml:2:11-34
	android:versionName
		ADDED from AtomAR/AtomAR/AndroidManifest.xml:5:11-36
		INJECTED from AtomAR/AtomAR/AndroidManifest.xml
		INJECTED from AtomAR/AtomAR/AndroidManifest.xml
	android:versionCode
		ADDED from AtomAR/AtomAR/AndroidManifest.xml:4:11-34
		INJECTED from AtomAR/AtomAR/AndroidManifest.xml
		INJECTED from AtomAR/AtomAR/AndroidManifest.xml
	xmlns:android
		ADDED from AtomAR/AtomAR/AndroidManifest.xml:3:11-69
uses-sdk
ADDED from AtomAR/AtomAR/AndroidManifest.xml:7:5-9:40
MERGED from [com.android.support:support-v4:21.0.3] AndroidManifest.xml:15:5-42
	android:targetSdkVersion
		ADDED from AtomAR/AtomAR/AndroidManifest.xml:9:9-38
		INJECTED from AtomAR/AtomAR/AndroidManifest.xml
		INJECTED from AtomAR/AtomAR/AndroidManifest.xml
	android:minSdkVersion
		ADDED from AtomAR/AtomAR/AndroidManifest.xml:8:9-35
		INJECTED from AtomAR/AtomAR/AndroidManifest.xml
		INJECTED from AtomAR/AtomAR/AndroidManifest.xml
uses-feature#0x00020000
ADDED from AtomAR/AtomAR/AndroidManifest.xml:11:5-13:34
	android:glEsVersion
		ADDED from AtomAR/AtomAR/AndroidManifest.xml:12:9-41
	android:required
		ADDED from AtomAR/AtomAR/AndroidManifest.xml:13:9-32
uses-permission#android.permission.WRITE_EXTERNAL_STORAGE
ADDED from AtomAR/AtomAR/AndroidManifest.xml:15:5-80
	android:name
		ADDED from AtomAR/AtomAR/AndroidManifest.xml:15:22-78
uses-permission#android.permission.READ_PHONE_STATE
ADDED from AtomAR/AtomAR/AndroidManifest.xml:16:5-74
	android:name
		ADDED from AtomAR/AtomAR/AndroidManifest.xml:16:22-72
uses-permission#android.permission.READ_EXTERNAL_STORAGE
ADDED from AtomAR/AtomAR/AndroidManifest.xml:17:5-79
	android:name
		ADDED from AtomAR/AtomAR/AndroidManifest.xml:17:22-77
application
ADDED from AtomAR/AtomAR/AndroidManifest.xml:19:5-38:19
MERGED from [com.android.support:support-v4:21.0.3] AndroidManifest.xml:16:5-19
	android:label
		ADDED from AtomAR/AtomAR/AndroidManifest.xml:22:9-41
	android:allowBackup
		ADDED from AtomAR/AtomAR/AndroidManifest.xml:20:9-35
	android:icon
		ADDED from AtomAR/AtomAR/AndroidManifest.xml:21:9-45
activity#com.AR.atomAR.AugmentedRealityActivity
ADDED from AtomAR/AtomAR/AndroidManifest.xml:23:9-32:20
	android:label
		ADDED from AtomAR/AtomAR/AndroidManifest.xml:25:13-45
	android:theme
		ADDED from AtomAR/AtomAR/AndroidManifest.xml:26:13-54
	android:name
		ADDED from AtomAR/AtomAR/AndroidManifest.xml:24:13-53
intent-filter#android.intent.action.MAIN+android.intent.category.LAUNCHER
ADDED from AtomAR/AtomAR/AndroidManifest.xml:27:13-31:29
action#android.intent.action.MAIN
ADDED from AtomAR/AtomAR/AndroidManifest.xml:28:17-68
	android:name
		ADDED from AtomAR/AtomAR/AndroidManifest.xml:28:25-66
category#android.intent.category.LAUNCHER
ADDED from AtomAR/AtomAR/AndroidManifest.xml:30:17-76
	android:name
		ADDED from AtomAR/AtomAR/AndroidManifest.xml:30:27-74
activity#com.AR.atomAR.MainActivity
ADDED from AtomAR/AtomAR/AndroidManifest.xml:33:9-37:20
	android:label
		ADDED from AtomAR/AtomAR/AndroidManifest.xml:35:13-57
	android:name
		ADDED from AtomAR/AtomAR/AndroidManifest.xml:34:13-41